<?xml version="1.0" encoding="UTF-8"?>
<!-- Generated by org.testng.reporters.JUnitXMLReporter -->
<testsuite ignored="0" hostname="DESKTOP-4IMJ5PC" failures="1" tests="3" name="Error Validations Test" time="46.388" errors="0" timestamp="28 Apr 2023 14:17:56 GMT">
  <testcase classname="KSKAcademy.tests.ErrorValidationsTest" name="loginErrorValidation" time="0.548">
    <skipped/>
  </testcase> <!-- loginErrorValidation -->
  <testcase classname="KSKAcademy.tests.ErrorValidationsTest" name="loginErrorValidation" time="1.074">
    <failure type="java.lang.AssertionError" message="expected [Incorrect email or password.] but found [Incorrect email  password.]">
      <![CDATA[java.lang.AssertionError: expected [Incorrect email or password.] but found [Incorrect email  password.]
at KSKAcademy.tests.ErrorValidationsTest.loginErrorValidation(ErrorValidationsTest.java:22)
at java.base/java.util.concurrent.FutureTask.run(FutureTask.java:264)
at java.base/java.util.concurrent.ThreadPoolExecutor.runWorker(ThreadPoolExecutor.java:1136)
at java.base/java.util.concurrent.ThreadPoolExecutor$Worker.run(ThreadPoolExecutor.java:635)
at java.base/java.lang.Thread.run(Thread.java:833)
... Removed 22 stack frames]]>
    </failure>
  </testcase> <!-- loginErrorValidation -->
  <testcase classname="KSKAcademy.tests.ErrorValidationsTest" name="productErrorValidation" time="23.652"/>
</testsuite> <!-- Error Validations Test -->
